빌드 시작: 2022-05-14 오후 7:35:26
     1>2 노드의 "C:\Users\96yoo\Downloads\Yolo_mark-master\Yolo_mark-master\yolo_mark.vcxproj" 프로젝트(Rebuild 대상)입니다.
     1>_PrepareForClean:
         "x64\Release\yolo_mark.tlog\yolo_mark.lastbuildstate" 파일을 삭제하고 있습니다.
       InitializeBuildStatus:
         "AlwaysCreate"이(가) 지정되었기 때문에 "x64\Release\yolo_mark.tlog\unsuccessfulbuild"을(를) 만들고 있습니다.
       ClCompile:
         C:\Program Files (x86)\Microsoft Visual Studio\2017\Community\VC\Tools\MSVC\14.16.27023\bin\HostX86\x64\CL.exe /c /I\include /IC:\opencv\build\include /Zi /nologo /W3 /WX- /diagnostics:classic /sdl /O2 /Oi /GL /D _MBCS /Gm- /EHsc /MD /GS /Gy /fp:precise /Zc:wchar_t /Zc:forScope /Zc:inline /Fo"x64\Release\\" /Fd"x64\Release\vc141.pdb" /Gd /TP /FC /errorReport:prompt main.cpp
         main.cpp
     1>c:\users\96yoo\downloads\yolo_mark-master\yolo_mark-master\main.cpp(144): warning C4267: '인수': 'size_t'에서 'int'(으)로 변환하면서 데이터가 손실될 수 있습니다.
     1>c:\users\96yoo\downloads\yolo_mark-master\yolo_mark-master\main.cpp(145): warning C4267: '인수': 'size_t'에서 'int'(으)로 변환하면서 데이터가 손실될 수 있습니다.
     1>c:\users\96yoo\downloads\yolo_mark-master\yolo_mark-master\main.cpp(151): warning C4267: '인수': 'size_t'에서 'int'(으)로 변환하면서 데이터가 손실될 수 있습니다.
     1>c:\users\96yoo\downloads\yolo_mark-master\yolo_mark-master\main.cpp(295): warning C4244: '초기화 중': 'double'에서 'int'(으)로 변환하면서 데이터가 손실될 수 있습니다.
     1>c:\users\96yoo\downloads\yolo_mark-master\yolo_mark-master\main.cpp(295): warning C4244: '초기화 중': 'double'에서 'const int'(으)로 변환하면서 데이터가 손실될 수 있습니다.
     1>c:\users\96yoo\downloads\yolo_mark-master\yolo_mark-master\main.cpp(303): warning C4244: '=': 'unsigned long'에서 'float'(으)로 변환하면서 데이터가 손실될 수 있습니다.
     1>c:\users\96yoo\downloads\yolo_mark-master\yolo_mark-master\main.cpp(306): warning C4267: '=': 'size_t'에서 'int'(으)로 변환하면서 데이터가 손실될 수 있습니다.
     1>c:\users\96yoo\downloads\yolo_mark-master\yolo_mark-master\main.cpp(354): warning C4267: '=': 'size_t'에서 'int'(으)로 변환하면서 데이터가 손실될 수 있습니다.
     1>c:\users\96yoo\downloads\yolo_mark-master\yolo_mark-master\main.cpp(497): warning C4267: '초기화 중': 'size_t'에서 'int'(으)로 변환하면서 데이터가 손실될 수 있습니다.
     1>c:\users\96yoo\downloads\yolo_mark-master\yolo_mark-master\main.cpp(497): warning C4267: '초기화 중': 'size_t'에서 'const int'(으)로 변환하면서 데이터가 손실될 수 있습니다.
     1>c:\users\96yoo\downloads\yolo_mark-master\yolo_mark-master\main.cpp(570): warning C4267: '초기화 중': 'size_t'에서 'int'(으)로 변환하면서 데이터가 손실될 수 있습니다.
     1>c:\users\96yoo\downloads\yolo_mark-master\yolo_mark-master\main.cpp(570): warning C4267: '초기화 중': 'size_t'에서 'const int'(으)로 변환하면서 데이터가 손실될 수 있습니다.
     1>c:\users\96yoo\downloads\yolo_mark-master\yolo_mark-master\main.cpp(645): warning C4267: '초기화 중': 'size_t'에서 'int'(으)로 변환하면서 데이터가 손실될 수 있습니다.
     1>c:\users\96yoo\downloads\yolo_mark-master\yolo_mark-master\main.cpp(645): warning C4267: '초기화 중': 'size_t'에서 'const int'(으)로 변환하면서 데이터가 손실될 수 있습니다.
     1>c:\users\96yoo\downloads\yolo_mark-master\yolo_mark-master\main.cpp(706): warning C4244: '초기화 중': 'float'에서 'int'(으)로 변환하면서 데이터가 손실될 수 있습니다.
     1>c:\users\96yoo\downloads\yolo_mark-master\yolo_mark-master\main.cpp(706): warning C4244: '초기화 중': 'float'에서 'const int'(으)로 변환하면서 데이터가 손실될 수 있습니다.
     1>c:\users\96yoo\downloads\yolo_mark-master\yolo_mark-master\main.cpp(707): warning C4244: '초기화 중': 'float'에서 'int'(으)로 변환하면서 데이터가 손실될 수 있습니다.
     1>c:\users\96yoo\downloads\yolo_mark-master\yolo_mark-master\main.cpp(707): warning C4244: '초기화 중': 'float'에서 'const int'(으)로 변환하면서 데이터가 손실될 수 있습니다.
     1>c:\users\96yoo\downloads\yolo_mark-master\yolo_mark-master\main.cpp(814): warning C4267: '=': 'size_t'에서 'int'(으)로 변환하면서 데이터가 손실될 수 있습니다.
       Link:
         C:\Program Files (x86)\Microsoft Visual Studio\2017\Community\VC\Tools\MSVC\14.16.27023\bin\HostX86\x64\link.exe /ERRORREPORT:PROMPT /OUT:"C:\Users\96yoo\Downloads\Yolo_mark-master\Yolo_mark-master\x64\Release\yolo_mark.exe" /NOLOGO /LIBPATH:\x64\vc15\lib /LIBPATH:\x64\vc14\lib /LIBPATH:C:\opencv\build\x64\vc14\lib /LIBPATH:C:\opencv_2.4.13\opencv\build\x64\vc12\lib /MANIFEST /MANIFESTUAC:"level='asInvoker' uiAccess='false'" /manifest:embed /DEBUG /PDB:"C:\Users\96yoo\Downloads\Yolo_mark-master\Yolo_mark-master\x64\Release\yolo_mark.pdb" /OPT:REF /OPT:ICF /LTCG:incremental /TLBID:1 /DYNAMICBASE /NXCOMPAT /IMPLIB:"C:\Users\96yoo\Downloads\Yolo_mark-master\Yolo_mark-master\x64\Release\yolo_mark.lib" /MACHINE:X64 x64\Release\main.obj
         코드를 생성하고 있습니다.
         All 989 functions were compiled because no usable IPDB/IOBJ from previous compilation was found.
         코드를 생성했습니다.
         yolo_mark.vcxproj -> C:\Users\96yoo\Downloads\Yolo_mark-master\Yolo_mark-master\x64\Release\yolo_mark.exe
       FinalizeBuildStatus:
         "x64\Release\yolo_mark.tlog\unsuccessfulbuild" 파일을 삭제하고 있습니다.
         "x64\Release\yolo_mark.tlog\yolo_mark.lastbuildstate"에 연결(touching)하고 있습니다.
     1>"C:\Users\96yoo\Downloads\Yolo_mark-master\Yolo_mark-master\yolo_mark.vcxproj" 프로젝트를 빌드했습니다(Rebuild 대상).

빌드했습니다.

       "C:\Users\96yoo\Downloads\Yolo_mark-master\Yolo_mark-master\yolo_mark.vcxproj"(Rebuild 대상)(1) ->
       (ClCompile 대상) -> 
         c:\users\96yoo\downloads\yolo_mark-master\yolo_mark-master\main.cpp(144): warning C4267: '인수': 'size_t'에서 'int'(으)로 변환하면서 데이터가 손실될 수 있습니다.
         c:\users\96yoo\downloads\yolo_mark-master\yolo_mark-master\main.cpp(145): warning C4267: '인수': 'size_t'에서 'int'(으)로 변환하면서 데이터가 손실될 수 있습니다.
         c:\users\96yoo\downloads\yolo_mark-master\yolo_mark-master\main.cpp(151): warning C4267: '인수': 'size_t'에서 'int'(으)로 변환하면서 데이터가 손실될 수 있습니다.
         c:\users\96yoo\downloads\yolo_mark-master\yolo_mark-master\main.cpp(295): warning C4244: '초기화 중': 'double'에서 'int'(으)로 변환하면서 데이터가 손실될 수 있습니다.
         c:\users\96yoo\downloads\yolo_mark-master\yolo_mark-master\main.cpp(295): warning C4244: '초기화 중': 'double'에서 'const int'(으)로 변환하면서 데이터가 손실될 수 있습니다.
         c:\users\96yoo\downloads\yolo_mark-master\yolo_mark-master\main.cpp(303): warning C4244: '=': 'unsigned long'에서 'float'(으)로 변환하면서 데이터가 손실될 수 있습니다.
         c:\users\96yoo\downloads\yolo_mark-master\yolo_mark-master\main.cpp(306): warning C4267: '=': 'size_t'에서 'int'(으)로 변환하면서 데이터가 손실될 수 있습니다.
         c:\users\96yoo\downloads\yolo_mark-master\yolo_mark-master\main.cpp(354): warning C4267: '=': 'size_t'에서 'int'(으)로 변환하면서 데이터가 손실될 수 있습니다.
         c:\users\96yoo\downloads\yolo_mark-master\yolo_mark-master\main.cpp(497): warning C4267: '초기화 중': 'size_t'에서 'int'(으)로 변환하면서 데이터가 손실될 수 있습니다.
         c:\users\96yoo\downloads\yolo_mark-master\yolo_mark-master\main.cpp(497): warning C4267: '초기화 중': 'size_t'에서 'const int'(으)로 변환하면서 데이터가 손실될 수 있습니다.
         c:\users\96yoo\downloads\yolo_mark-master\yolo_mark-master\main.cpp(570): warning C4267: '초기화 중': 'size_t'에서 'int'(으)로 변환하면서 데이터가 손실될 수 있습니다.
         c:\users\96yoo\downloads\yolo_mark-master\yolo_mark-master\main.cpp(570): warning C4267: '초기화 중': 'size_t'에서 'const int'(으)로 변환하면서 데이터가 손실될 수 있습니다.
         c:\users\96yoo\downloads\yolo_mark-master\yolo_mark-master\main.cpp(645): warning C4267: '초기화 중': 'size_t'에서 'int'(으)로 변환하면서 데이터가 손실될 수 있습니다.
         c:\users\96yoo\downloads\yolo_mark-master\yolo_mark-master\main.cpp(645): warning C4267: '초기화 중': 'size_t'에서 'const int'(으)로 변환하면서 데이터가 손실될 수 있습니다.
         c:\users\96yoo\downloads\yolo_mark-master\yolo_mark-master\main.cpp(706): warning C4244: '초기화 중': 'float'에서 'int'(으)로 변환하면서 데이터가 손실될 수 있습니다.
         c:\users\96yoo\downloads\yolo_mark-master\yolo_mark-master\main.cpp(706): warning C4244: '초기화 중': 'float'에서 'const int'(으)로 변환하면서 데이터가 손실될 수 있습니다.
         c:\users\96yoo\downloads\yolo_mark-master\yolo_mark-master\main.cpp(707): warning C4244: '초기화 중': 'float'에서 'int'(으)로 변환하면서 데이터가 손실될 수 있습니다.
         c:\users\96yoo\downloads\yolo_mark-master\yolo_mark-master\main.cpp(707): warning C4244: '초기화 중': 'float'에서 'const int'(으)로 변환하면서 데이터가 손실될 수 있습니다.
         c:\users\96yoo\downloads\yolo_mark-master\yolo_mark-master\main.cpp(814): warning C4267: '=': 'size_t'에서 'int'(으)로 변환하면서 데이터가 손실될 수 있습니다.

    경고 19개
    오류 0개

경과 시간: 00:00:03.31
